Using pre-set license
Built from '2020.2/release' branch; Version is '2020.2.1f1 (270dd8c3da1c) revision 2559448'; Using compiler version '192528614'; Build Type 'Release'
OS: 'Windows 10  (10.0.0) 64bit' Language: 'ru' Physical Memory: 16268 MB
BatchMode: 1, IsHumanControllingUs: 0, StartBugReporterOnCrash: 0, Is64bit: 1, IsPro: 0

 COMMAND LINE ARGUMENTS:
D:\Games\Unity\2020.2.1f1\Editor\Unity.exe
-adb2
-batchMode
-noUpm
-name
AssetImportWorker0
-projectPath
D:/Games/Unity/Projects/Repos/UdaFaigata/Uda-Faigata/Uda Faigata
-logFile
Logs/AssetImportWorker0.log
-srvPort
50244
Successfully changed project path to: D:/Games/Unity/Projects/Repos/UdaFaigata/Uda-Faigata/Uda Faigata
D:/Games/Unity/Projects/Repos/UdaFaigata/Uda-Faigata/Uda Faigata
Using Asset Import Pipeline V2.
Refreshing native plugins compatible for Editor in 39.04 ms, found 0 plugins.
Preloading 0 native plugins for Editor in 0.00 ms.
Initialize engine version: 2020.2.1f1 (270dd8c3da1c)
[Subsystems] Discovering subsystems at path D:/Games/Unity/2020.2.1f1/Editor/Data/Resources/UnitySubsystems
[Subsystems] Discovering subsystems at path D:/Games/Unity/Projects/Repos/UdaFaigata/Uda-Faigata/Uda Faigata/Assets
GfxDevice: creating device client; threaded=0
Direct3D:
    Version:  Direct3D 11.0 [level 11.1]
    Renderer: NVIDIA GeForce GTX 1050 with Max-Q Design (ID=0x1c8d)
    Vendor:   
    VRAM:     4021 MB
    Driver:   26.21.14.3630
Initialize mono
Mono path[0] = 'D:/Games/Unity/2020.2.1f1/Editor/Data/Managed'
Mono path[1] = 'D:/Games/Unity/2020.2.1f1/Editor/Data/MonoBleedingEdge/lib/mono/unityjit'
Mono config path = 'D:/Games/Unity/2020.2.1f1/Editor/Data/MonoBleedingEdge/etc'
Using monoOptions --debugger-agent=transport=dt_socket,embedding=1,server=y,suspend=n,address=127.0.0.1:56328
Begin MonoManager ReloadAssembly
Registering precompiled unity dll's ...
Register platform support module: D:/Games/Unity/2020.2.1f1/Editor/Data/PlaybackEngines/WebGLSupport/UnityEditor.WebGL.Extensions.dll
Register platform support module: D:/Games/Unity/2020.2.1f1/Editor/Data/PlaybackEngines/WindowsStandaloneSupport/UnityEditor.WindowsStandalone.Extensions.dll
Registered in 0.000998 seconds.
Native extension for WindowsStandalone target not found
Native extension for WebGL target not found
Refreshing native plugins compatible for Editor in 39.71 ms, found 0 plugins.
Preloading 0 native plugins for Editor in 0.00 ms.
Invoked RoslynAnalysisRunner static constructor.
RoslynAnalysisRunner will not be running.
RoslynAnalysisRunner has terminated.
Mono: successfully reloaded assembly
- Completed reload, in  1.184 seconds
Platform modules already initialized, skipping
Registering precompiled user dll's ...
Registered in 0.000495 seconds.
Begin MonoManager ReloadAssembly
Native extension for WindowsStandalone target not found
Native extension for WebGL target not found
Refreshing native plugins compatible for Editor in 0.21 ms, found 0 plugins.
Preloading 0 native plugins for Editor in 0.00 ms.
Invoked RoslynAnalysisRunner static constructor.
RoslynAnalysisRunner will not be running.
RoslynAnalysisRunner has terminated.
Mono: successfully reloaded assembly
- Completed reload, in  1.135 seconds
Platform modules already initialized, skipping
========================================================================
Worker process is ready to serve import requests
Launched and connected shader compiler UnityShaderCompiler.exe after 0.06 seconds
Refreshing native plugins compatible for Editor in 0.22 ms, found 0 plugins.
Preloading 0 native plugins for Editor in 0.00 ms.
Unloading 1112 Unused Serialized files (Serialized files now loaded: 0)
System memory in use before: 128.4 MB.
System memory in use after: 128.5 MB.

Unloading 10 unused Assets to reduce memory usage. Loaded Objects now: 1557.
Total: 1.558300 ms (FindLiveObjects: 0.144800 ms CreateObjectMapping: 0.049300 ms MarkObjects: 1.302200 ms  DeleteObjects: 0.061200 ms)

========================================================================
Received Import Request.
  path: Assets/Scripts/Camera/CameraRotation.cs
  artifactKey: Guid(38381bd625733494381a6161ab6aa60f) Importer(815301076,1909f56bfc062723c751e8b465ee728b)
Start importing Assets/Scripts/Camera/CameraRotation.cs using Guid(38381bd625733494381a6161ab6aa60f) Importer(815301076,1909f56bfc062723c751e8b465ee728b)  -> (artifact id: 'a47a278453e0f4ffddaa15e1a5301745') in 0.053714 seconds
  Import took 0.055799 seconds .

========================================================================
Received Prepare
Registering precompiled user dll's ...
Registered in 0.000451 seconds.
Begin MonoManager ReloadAssembly
Native extension for WindowsStandalone target not found
Native extension for WebGL target not found
Refreshing native plugins compatible for Editor in 0.19 ms, found 0 plugins.
Preloading 0 native plugins for Editor in 0.00 ms.
Invoked RoslynAnalysisRunner static constructor.
RoslynAnalysisRunner will not be running.
RoslynAnalysisRunner has terminated.
Mono: successfully reloaded assembly
- Completed reload, in  0.789 seconds
Platform modules already initialized, skipping
Refreshing native plugins compatible for Editor in 0.19 ms, found 0 plugins.
Preloading 0 native plugins for Editor in 0.00 ms.
Unloading 1107 Unused Serialized files (Serialized files now loaded: 0)
System memory in use before: 128.8 MB.
System memory in use after: 128.9 MB.

Unloading 5 unused Assets to reduce memory usage. Loaded Objects now: 1559.
Total: 1.723100 ms (FindLiveObjects: 0.116300 ms CreateObjectMapping: 0.025600 ms MarkObjects: 1.517400 ms  DeleteObjects: 0.062500 ms)

========================================================================
Received Prepare
Registering precompiled user dll's ...
Registered in 0.000542 seconds.
Begin MonoManager ReloadAssembly
Native extension for WindowsStandalone target not found
Native extension for WebGL target not found
Refreshing native plugins compatible for Editor in 0.24 ms, found 0 plugins.
Preloading 0 native plugins for Editor in 0.00 ms.
Invoked RoslynAnalysisRunner static constructor.
RoslynAnalysisRunner will not be running.
RoslynAnalysisRunner has terminated.
Mono: successfully reloaded assembly
- Completed reload, in  0.785 seconds
Platform modules already initialized, skipping
Refreshing native plugins compatible for Editor in 0.20 ms, found 0 plugins.
Preloading 0 native plugins for Editor in 0.00 ms.
Unloading 1107 Unused Serialized files (Serialized files now loaded: 0)
System memory in use before: 128.9 MB.
System memory in use after: 129.0 MB.

Unloading 5 unused Assets to reduce memory usage. Loaded Objects now: 1561.
Total: 1.597600 ms (FindLiveObjects: 0.264500 ms CreateObjectMapping: 0.055600 ms MarkObjects: 1.231300 ms  DeleteObjects: 0.045200 ms)

========================================================================
Received Prepare
Registering precompiled user dll's ...
Registered in 0.000440 seconds.
Begin MonoManager ReloadAssembly
Native extension for WindowsStandalone target not found
Native extension for WebGL target not found
Refreshing native plugins compatible for Editor in 0.34 ms, found 0 plugins.
Preloading 0 native plugins for Editor in 0.00 ms.
Invoked RoslynAnalysisRunner static constructor.
RoslynAnalysisRunner will not be running.
RoslynAnalysisRunner has terminated.
Mono: successfully reloaded assembly
- Completed reload, in  0.849 seconds
Platform modules already initialized, skipping
Refreshing native plugins compatible for Editor in 0.30 ms, found 0 plugins.
Preloading 0 native plugins for Editor in 0.00 ms.
Unloading 1107 Unused Serialized files (Serialized files now loaded: 0)
System memory in use before: 129.8 MB.
System memory in use after: 129.9 MB.

Unloading 5 unused Assets to reduce memory usage. Loaded Objects now: 1563.
Total: 1.687100 ms (FindLiveObjects: 0.128300 ms CreateObjectMapping: 0.037400 ms MarkObjects: 1.450200 ms  DeleteObjects: 0.070300 ms)

========================================================================
Received Prepare
Registering precompiled user dll's ...
Registered in 0.000563 seconds.
Begin MonoManager ReloadAssembly
Native extension for WindowsStandalone target not found
Native extension for WebGL target not found
Refreshing native plugins compatible for Editor in 0.19 ms, found 0 plugins.
Preloading 0 native plugins for Editor in 0.00 ms.
Invoked RoslynAnalysisRunner static constructor.
RoslynAnalysisRunner will not be running.
RoslynAnalysisRunner has terminated.
Mono: successfully reloaded assembly
- Completed reload, in  0.697 seconds
Platform modules already initialized, skipping
Refreshing native plugins compatible for Editor in 0.22 ms, found 0 plugins.
Preloading 0 native plugins for Editor in 0.00 ms.
Unloading 1107 Unused Serialized files (Serialized files now loaded: 0)
System memory in use before: 130.0 MB.
System memory in use after: 130.0 MB.

Unloading 5 unused Assets to reduce memory usage. Loaded Objects now: 1565.
Total: 2.052200 ms (FindLiveObjects: 0.183900 ms CreateObjectMapping: 0.048200 ms MarkObjects: 1.775600 ms  DeleteObjects: 0.043300 ms)

========================================================================
Received Prepare
Registering precompiled user dll's ...
Registered in 0.000524 seconds.
Begin MonoManager ReloadAssembly
Native extension for WindowsStandalone target not found
Native extension for WebGL target not found
Refreshing native plugins compatible for Editor in 0.19 ms, found 0 plugins.
Preloading 0 native plugins for Editor in 0.00 ms.
Invoked RoslynAnalysisRunner static constructor.
RoslynAnalysisRunner will not be running.
RoslynAnalysisRunner has terminated.
Mono: successfully reloaded assembly
- Completed reload, in  0.781 seconds
Platform modules already initialized, skipping
Refreshing native plugins compatible for Editor in 0.35 ms, found 0 plugins.
Preloading 0 native plugins for Editor in 0.00 ms.
Unloading 1107 Unused Serialized files (Serialized files now loaded: 0)
System memory in use before: 129.7 MB.
System memory in use after: 129.8 MB.

Unloading 5 unused Assets to reduce memory usage. Loaded Objects now: 1567.
Total: 5.083500 ms (FindLiveObjects: 0.395000 ms CreateObjectMapping: 0.085200 ms MarkObjects: 4.548800 ms  DeleteObjects: 0.053100 ms)

========================================================================
Received Prepare
Registering precompiled user dll's ...
Registered in 0.000448 seconds.
Begin MonoManager ReloadAssembly
Native extension for WindowsStandalone target not found
Native extension for WebGL target not found
Refreshing native plugins compatible for Editor in 0.20 ms, found 0 plugins.
Preloading 0 native plugins for Editor in 0.00 ms.
Invoked RoslynAnalysisRunner static constructor.
RoslynAnalysisRunner will not be running.
RoslynAnalysisRunner has terminated.
Mono: successfully reloaded assembly
- Completed reload, in  0.770 seconds
Platform modules already initialized, skipping
Refreshing native plugins compatible for Editor in 0.20 ms, found 0 plugins.
Preloading 0 native plugins for Editor in 0.00 ms.
Unloading 1107 Unused Serialized files (Serialized files now loaded: 0)
System memory in use before: 130.0 MB.
System memory in use after: 130.0 MB.

Unloading 5 unused Assets to reduce memory usage. Loaded Objects now: 1569.
Total: 1.660400 ms (FindLiveObjects: 0.123600 ms CreateObjectMapping: 0.031800 ms MarkObjects: 1.398500 ms  DeleteObjects: 0.105400 ms)

========================================================================
Received Prepare
Registering precompiled user dll's ...
Registered in 0.000622 seconds.
Begin MonoManager ReloadAssembly
Native extension for WindowsStandalone target not found
Native extension for WebGL target not found
Refreshing native plugins compatible for Editor in 0.24 ms, found 0 plugins.
Preloading 0 native plugins for Editor in 0.00 ms.
Invoked RoslynAnalysisRunner static constructor.
RoslynAnalysisRunner will not be running.
RoslynAnalysisRunner has terminated.
Mono: successfully reloaded assembly
- Completed reload, in  0.992 seconds
Platform modules already initialized, skipping
Refreshing native plugins compatible for Editor in 0.19 ms, found 0 plugins.
Preloading 0 native plugins for Editor in 0.00 ms.
Unloading 1107 Unused Serialized files (Serialized files now loaded: 0)
System memory in use before: 129.7 MB.
System memory in use after: 129.8 MB.

Unloading 5 unused Assets to reduce memory usage. Loaded Objects now: 1571.
Total: 1.756500 ms (FindLiveObjects: 0.140300 ms CreateObjectMapping: 0.045900 ms MarkObjects: 1.525800 ms  DeleteObjects: 0.043400 ms)

========================================================================
Received Import Request.
  Time since last request: 1096.712731 seconds.
  path: Assets/Sprites/Materials/space_skybox.webp
  artifactKey: Guid(7f7b48e59b591604cad59121db769fd2) Importer(815301076,1909f56bfc062723c751e8b465ee728b)
Start importing Assets/Sprites/Materials/space_skybox.webp using Guid(7f7b48e59b591604cad59121db769fd2) Importer(815301076,1909f56bfc062723c751e8b465ee728b)  -> (artifact id: '9b67c133da41284af48d27fe08bebd45') in 0.024458 seconds
  Import took 0.026616 seconds .

========================================================================
Received Import Request.
  Time since last request: 67.370791 seconds.
  path: Assets/Sprites/Materials/space_skybox.jpg
  artifactKey: Guid(130766e5bba93084f9ff71818cd0bbd5) Importer(815301076,1909f56bfc062723c751e8b465ee728b)
Start importing Assets/Sprites/Materials/space_skybox.jpg using Guid(130766e5bba93084f9ff71818cd0bbd5) Importer(815301076,1909f56bfc062723c751e8b465ee728b)  -> (artifact id: '6ce6d0cfa56961119c83a4aa9c5f2bf0') in 0.043951 seconds
  Import took 0.046699 seconds .

========================================================================
Received Import Request.
  Time since last request: 0.014992 seconds.
  path: Assets/Sprites/Materials/space_skybox.jpg
  artifactKey: Guid(130766e5bba93084f9ff71818cd0bbd5) Importer(815301076,1909f56bfc062723c751e8b465ee728b)
Start importing Assets/Sprites/Materials/space_skybox.jpg using Guid(130766e5bba93084f9ff71818cd0bbd5) Importer(815301076,1909f56bfc062723c751e8b465ee728b)  -> (artifact id: '6ce6d0cfa56961119c83a4aa9c5f2bf0') in 0.005676 seconds
  Import took 0.007930 seconds .

========================================================================
Received Import Request.
  Time since last request: 4.096090 seconds.
  path: Assets/Sprites/Materials/space_skybox.jpg
  artifactKey: Guid(130766e5bba93084f9ff71818cd0bbd5) Importer(815301076,1909f56bfc062723c751e8b465ee728b)
Start importing Assets/Sprites/Materials/space_skybox.jpg using Guid(130766e5bba93084f9ff71818cd0bbd5) Importer(815301076,1909f56bfc062723c751e8b465ee728b)  -> (artifact id: 'c1c4acf8135f8e59dc35ee340e8b791a') in 0.066625 seconds
  Import took 0.068770 seconds .

========================================================================
Received Import Request.
  Time since last request: 13.013335 seconds.
  path: Assets/Sprites/Materials
  artifactKey: Guid(581cb2056f9835644ac3da072cf227d1) Importer(815301076,1909f56bfc062723c751e8b465ee728b)
Start importing Assets/Sprites/Materials using Guid(581cb2056f9835644ac3da072cf227d1) Importer(815301076,1909f56bfc062723c751e8b465ee728b)  -> (artifact id: '1d0807c2dab5920f948d5b3e97db1506') in 0.001152 seconds
  Import took 0.003389 seconds .

========================================================================
Received Prepare
Registering precompiled user dll's ...
Registered in 0.000489 seconds.
Begin MonoManager ReloadAssembly
Native extension for WindowsStandalone target not found
Native extension for WebGL target not found
Refreshing native plugins compatible for Editor in 0.20 ms, found 0 plugins.
Preloading 0 native plugins for Editor in 0.00 ms.
Invoked RoslynAnalysisRunner static constructor.
RoslynAnalysisRunner will not be running.
RoslynAnalysisRunner has terminated.
Mono: successfully reloaded assembly
- Completed reload, in  0.769 seconds
Platform modules already initialized, skipping
Received signal SIGSEGV
Stack trace:
0x00007ff740952f24 (Unity) 
0x00007ff74093a5a5 (Unity) 
0x00007ff74094f98c (Unity) 
0x00007ff73fe97c3e (Unity) 
0x00007ff73fe97d89 (Unity) 
0x00007ff73fe97cde (Unity) 
0x00007ff74084b73c (Unity) 
0x00007ff743fe10a3 (Unity) 
0x00007ff743fd39e8 (Unity) 
0x00007ff743fccd46 (Unity) 
0x00007ff743fd0915 (Unity) 
0x00007ff742fd7fce (Unity) 
0x00007ff7430a20d2 (Unity) 
0x00007ff7430a4230 (Unity) 
0x00007ff7430a79be (Unity) 
0x00007ff74301dd50 (Unity) 
0x00007ff74301dda0 (Unity) 
0x00007ff74253d73b (Unity) 
0x00007ff742eb2be2 (Unity) 
0x00007ff744cf8fc6 (Unity) 
0x00007ffb9f017c24 (KERNEL32) 
0x00007ffb9f58d4d1 (ntdll) 

